2023-04-18 20:49:20 INFO  Log:16 - *************
2023-04-18 20:49:20 INFO  Log:17 - *************
2023-04-18 20:49:20 INFO  Log:18 - *******This is the beginning of my Test Case*******
2023-04-18 20:49:20 INFO  Log:26 - My Test Case is executing right now
2023-04-18 20:49:20 INFO  Log:30 - My Test Case might have some trivial issues
2023-04-18 20:49:49 INFO  Log:26 - This Test Case is about to get completed
2023-04-18 20:49:49 INFO  Log:21 - ####################
2023-04-18 20:49:49 INFO  Log:22 - ####################
2023-04-18 20:49:49 INFO  Log:23 - ##########This Test Case is finished#########
2023-04-18 21:13:27 INFO  Log:16 - *************
2023-04-18 21:13:27 INFO  Log:17 - *************
2023-04-18 21:13:27 INFO  Log:18 - *******This is the beginning of my Test Case*******
2023-04-18 21:13:27 INFO  Log:26 - My Test Case is executing right now
2023-04-18 21:13:27 INFO  Log:30 - My Test Case might have some trivial issues
2023-04-18 21:13:33 INFO  Log:26 - This Test Case is about to get completed
2023-04-18 21:13:33 INFO  Log:21 - ####################
2023-04-18 21:13:33 INFO  Log:22 - ####################
2023-04-18 21:13:33 INFO  Log:23 - ##########This Test Case is finished#########
2023-04-18 21:13:59 INFO  Log:16 - *************
2023-04-18 21:13:59 INFO  Log:17 - *************
2023-04-18 21:13:59 INFO  Log:18 - *******This is the beginning of my Test Case*******
2023-04-18 21:13:59 INFO  Log:26 - My Test Case is executing right now
2023-04-18 21:13:59 INFO  Log:30 - My Test Case might have some trivial issues
2023-04-18 21:14:05 INFO  Log:26 - This Test Case is about to get completed
2023-04-18 21:14:05 INFO  Log:21 - ####################
2023-04-18 21:14:05 INFO  Log:22 - ####################
2023-04-18 21:14:05 INFO  Log:23 - ##########This Test Case is finished#########
2023-04-20 19:51:20 INFO  Log:16 - *************
2023-04-20 19:51:20 INFO  Log:17 - *************
2023-04-20 19:51:20 INFO  Log:18 - *******This is the beginning of my Test Case*******
2023-04-20 19:51:20 INFO  Log:26 - My Test Case is executing right now
2023-04-20 19:51:20 INFO  Log:30 - My Test Case might have some trivial issues
2023-04-20 19:51:26 INFO  Log:26 - This Test Case is about to get completed
2023-04-20 19:51:26 INFO  Log:21 - ####################
2023-04-20 19:51:26 INFO  Log:22 - ####################
2023-04-20 19:51:26 INFO  Log:23 - ##########This Test Case is finished#########
2023-04-20 19:51:45 INFO  Log:16 - *************
2023-04-20 19:51:45 INFO  Log:17 - *************
2023-04-20 19:51:45 INFO  Log:18 - *******This is the beginning of my Test Case*******
2023-04-20 19:51:45 INFO  Log:26 - My Test Case is executing right now
2023-04-20 19:51:45 INFO  Log:30 - My Test Case might have some trivial issues
2023-04-20 19:51:51 INFO  Log:26 - This Test Case is about to get completed
2023-04-20 19:51:51 INFO  Log:21 - ####################
2023-04-20 19:51:51 INFO  Log:22 - ####################
2023-04-20 19:51:51 INFO  Log:23 - ##########This Test Case is finished#########
2023-04-20 21:56:36 INFO  Log:16 - *************
2023-04-20 21:56:36 INFO  Log:17 - *************
2023-04-20 21:56:36 INFO  Log:18 - *******This is the beginning of my Test Case*******
2023-04-20 21:56:36 INFO  Log:26 - My Test Case is executing right now
2023-04-20 21:56:36 INFO  Log:30 - My Test Case might have some trivial issues
2023-04-20 21:56:36 INFO  Log:26 - This Test Case is about to get completed
2023-04-20 21:56:36 INFO  Log:21 - ####################
2023-04-20 21:56:36 INFO  Log:22 - ####################
2023-04-20 21:56:36 INFO  Log:23 - ##########This Test Case is finished#########
2023-04-20 22:00:01 INFO  Log:16 - *************
2023-04-20 22:00:01 INFO  Log:17 - *************
2023-04-20 22:00:01 INFO  Log:18 - *******This is the beginning of my Test Case*******
2023-04-20 22:00:01 INFO  Log:26 - My Test Case is executing right now
2023-04-20 22:00:01 INFO  Log:30 - My Test Case might have some trivial issues
2023-04-20 22:00:09 INFO  Log:26 - This Test Case is about to get completed
2023-04-20 22:00:09 INFO  Log:21 - ####################
2023-04-20 22:00:09 INFO  Log:22 - ####################
2023-04-20 22:00:09 INFO  Log:23 - ##########This Test Case is finished#########
2023-04-20 22:04:54 INFO  Log:16 - *************
2023-04-20 22:04:54 INFO  Log:17 - *************
2023-04-20 22:04:54 INFO  Log:18 - *******This is the beginning of my Test Case*******
2023-04-20 22:04:54 INFO  Log:26 - My Test Case is executing right now
2023-04-20 22:04:54 INFO  Log:30 - My Test Case might have some trivial issues
2023-04-20 22:05:01 INFO  Log:26 - This Test Case is about to get completed
2023-04-20 22:05:01 INFO  Log:21 - ####################
2023-04-20 22:05:01 INFO  Log:22 - ####################
2023-04-20 22:05:01 INFO  Log:23 - ##########This Test Case is finished#########
2023-04-20 22:10:44 INFO  Log:16 - *************
2023-04-20 22:10:44 INFO  Log:17 - *************
2023-04-20 22:10:44 INFO  Log:18 - *******This is the beginning of my Test Case*******
2023-04-20 22:10:44 INFO  Log:26 - My Test Case is executing right now
2023-04-20 22:10:44 INFO  Log:30 - My Test Case might have some trivial issues
2023-04-20 22:10:50 INFO  Log:26 - This Test Case is about to get completed
2023-04-20 22:10:50 INFO  Log:21 - ####################
2023-04-20 22:10:50 INFO  Log:22 - ####################
2023-04-20 22:10:50 INFO  Log:23 - ##########This Test Case is finished#########
2023-04-23 09:03:38 INFO  Log:16 - *************
2023-04-23 09:03:38 INFO  Log:17 - *************
2023-04-23 09:03:38 INFO  Log:18 - *******This is the beginning of my Test Case*******
2023-04-23 09:03:38 INFO  Log:26 - My Test Case is executing right now
2023-04-23 09:03:38 INFO  Log:30 - My Test Case might have some trivial issues
2023-04-23 09:03:46 INFO  Log:26 - This Test Case is about to get completed
2023-04-23 09:03:46 INFO  Log:21 - ####################
2023-04-23 09:03:46 INFO  Log:22 - ####################
2023-04-23 09:03:46 INFO  Log:23 - ##########This Test Case is finished#########
2023-04-23 15:09:35 INFO  Log:16 - *************
2023-04-23 15:09:35 INFO  Log:17 - *************
2023-04-23 15:09:35 INFO  Log:18 - *******This is the beginning of my Test Case*******
2023-04-23 15:09:35 INFO  Log:26 - My Test Case is executing right now
2023-04-23 15:09:35 INFO  Log:30 - My Test Case might have some trivial issues
2023-04-23 15:09:41 INFO  Log:26 - This Test Case is about to get completed
2023-04-23 15:09:41 INFO  Log:21 - ####################
2023-04-23 15:09:41 INFO  Log:22 - ####################
2023-04-23 15:09:41 INFO  Log:23 - ##########This Test Case is finished#########
2023-04-23 15:09:52 INFO  Log:16 - *************
2023-04-23 15:09:52 INFO  Log:17 - *************
2023-04-23 15:09:52 INFO  Log:18 - *******This is the beginning of my Test Case*******
2023-04-23 15:09:52 INFO  Log:26 - My Test Case is executing right now
2023-04-23 15:09:52 INFO  Log:30 - My Test Case might have some trivial issues
2023-04-23 15:09:58 INFO  Log:26 - This Test Case is about to get completed
2023-04-23 15:09:58 INFO  Log:21 - ####################
2023-04-23 15:09:58 INFO  Log:22 - ####################
2023-04-23 15:09:58 INFO  Log:23 - ##########This Test Case is finished#########
2023-04-23 15:34:40 INFO  Log:16 - *************
2023-04-23 15:34:40 INFO  Log:17 - *************
2023-04-23 15:34:40 INFO  Log:18 - *******test case has been begun*******
2023-04-23 15:34:40 INFO  Log:26 - test case is executing now
2023-04-23 15:34:40 INFO  Log:30 - the test case has an error
2023-04-23 15:34:46 INFO  Log:26 - the test case is about to be completed
2023-04-23 15:34:46 INFO  Log:21 - ####################
2023-04-23 15:34:46 INFO  Log:22 - ####################
2023-04-23 15:34:46 INFO  Log:23 - ##########the test case has finished#########
2023-04-24 20:02:28 INFO  Log:16 - *************
2023-04-24 20:02:28 INFO  Log:17 - *************
2023-04-24 20:02:28 INFO  Log:18 - *******test case has been begun*******
2023-04-24 20:02:28 INFO  Log:26 - test case is executing now
2023-04-24 20:02:28 INFO  Log:30 - the test case has an error
2023-04-24 20:02:34 INFO  Log:26 - the test case is about to be completed
2023-04-24 20:02:34 INFO  Log:21 - ####################
2023-04-24 20:02:34 INFO  Log:22 - ####################
2023-04-24 20:02:34 INFO  Log:23 - ##########the test case has finished#########
2023-04-24 20:04:02 INFO  Log:16 - *************
2023-04-24 20:04:02 INFO  Log:17 - *************
2023-04-24 20:04:02 INFO  Log:18 - *******test case has been begun*******
2023-04-24 20:04:02 INFO  Log:26 - test case is executing now
2023-04-24 20:04:02 INFO  Log:30 - the test case has an error
2023-04-24 20:04:08 INFO  Log:26 - the test case is about to be completed
2023-04-24 20:04:08 INFO  Log:21 - ####################
2023-04-24 20:04:08 INFO  Log:22 - ####################
2023-04-24 20:04:08 INFO  Log:23 - ##########the test case has finished#########
2023-04-24 20:15:02 INFO  Log:16 - *************
2023-04-24 20:15:02 INFO  Log:17 - *************
2023-04-24 20:15:02 INFO  Log:18 - *******test case has been begun*******
2023-04-24 20:15:02 INFO  Log:26 - test case is executing now
2023-04-24 20:15:02 INFO  Log:30 - the test case has an error
2023-04-24 20:15:08 INFO  Log:26 - the test case is about to be completed
2023-04-24 20:15:08 INFO  Log:21 - ####################
2023-04-24 20:15:08 INFO  Log:22 - ####################
2023-04-24 20:15:08 INFO  Log:23 - ##########the test case has finished#########
2023-04-24 20:15:52 INFO  Log:16 - *************
2023-04-24 20:15:52 INFO  Log:17 - *************
2023-04-24 20:15:52 INFO  Log:18 - *******test case has been begun*******
2023-04-24 20:15:52 INFO  Log:26 - test case is executing now
2023-04-24 20:15:52 INFO  Log:30 - the test case has an error
2023-04-24 20:16:17 INFO  Log:26 - the test case is about to be completed
2023-04-24 20:16:17 INFO  Log:21 - ####################
2023-04-24 20:16:17 INFO  Log:22 - ####################
2023-04-24 20:16:17 INFO  Log:23 - ##########the test case has finished#########
2023-04-24 20:50:18 INFO  Log:16 - *************
2023-04-24 20:50:18 INFO  Log:17 - *************
2023-04-24 20:50:18 INFO  Log:18 - *******test case has been begun*******
2023-04-24 20:50:18 INFO  Log:26 - test case is executing now
2023-04-24 20:50:18 INFO  Log:30 - the test case has an error
2023-04-24 20:50:20 INFO  Log:26 - the test case is about to be completed
2023-04-24 20:50:20 INFO  Log:21 - ####################
2023-04-24 20:50:20 INFO  Log:22 - ####################
2023-04-24 20:50:20 INFO  Log:23 - ##########the test case has finished#########
2023-04-24 21:02:06 INFO  Log:16 - *************
2023-04-24 21:02:06 INFO  Log:17 - *************
2023-04-24 21:02:06 INFO  Log:18 - *******test case has been begun*******
2023-04-24 21:02:06 INFO  Log:26 - test case is executing now
2023-04-24 21:02:06 INFO  Log:30 - the test case has an error
2023-04-24 21:02:08 INFO  Log:26 - the test case is about to be completed
2023-04-24 21:02:08 INFO  Log:21 - ####################
2023-04-24 21:02:08 INFO  Log:22 - ####################
2023-04-24 21:02:08 INFO  Log:23 - ##########the test case has finished#########
2023-04-24 21:04:50 INFO  Log:16 - *************
2023-04-24 21:04:50 INFO  Log:17 - *************
2023-04-24 21:04:50 INFO  Log:18 - *******test case has been begun*******
2023-04-24 21:04:50 INFO  Log:26 - test case is executing now
2023-04-24 21:04:50 INFO  Log:30 - the test case has an error
2023-04-24 21:04:52 INFO  Log:26 - the test case is about to be completed
2023-04-24 21:04:52 INFO  Log:21 - ####################
2023-04-24 21:04:52 INFO  Log:22 - ####################
2023-04-24 21:04:52 INFO  Log:23 - ##########the test case has finished#########
2023-04-24 21:05:23 INFO  Log:16 - *************
2023-04-24 21:05:23 INFO  Log:17 - *************
2023-04-24 21:05:23 INFO  Log:18 - *******test case has been begun*******
2023-04-24 21:05:23 INFO  Log:26 - test case is executing now
2023-04-24 21:05:23 INFO  Log:30 - the test case has an error
2023-04-24 21:05:25 INFO  Log:26 - the test case is about to be completed
2023-04-24 21:05:25 INFO  Log:21 - ####################
2023-04-24 21:05:25 INFO  Log:22 - ####################
2023-04-24 21:05:25 INFO  Log:23 - ##########the test case has finished#########
2023-04-24 21:07:50 INFO  Log:16 - *************
2023-04-24 21:07:50 INFO  Log:17 - *************
2023-04-24 21:07:50 INFO  Log:18 - *******test case has been begun*******
2023-04-24 21:07:50 INFO  Log:26 - test case is executing now
2023-04-24 21:07:50 INFO  Log:30 - the test case has an error
2023-04-24 21:07:52 INFO  Log:26 - the test case is about to be completed
2023-04-24 21:07:52 INFO  Log:21 - ####################
2023-04-24 21:07:52 INFO  Log:22 - ####################
2023-04-24 21:07:52 INFO  Log:23 - ##########the test case has finished#########
2023-04-24 21:10:54 INFO  Log:16 - *************
2023-04-24 21:10:54 INFO  Log:17 - *************
2023-04-24 21:10:54 INFO  Log:18 - *******test case has been begun*******
2023-04-24 21:10:54 INFO  Log:26 - test case is executing now
2023-04-24 21:10:54 INFO  Log:30 - the test case has an error
2023-04-24 21:10:57 INFO  Log:26 - the test case is about to be completed
2023-04-24 21:10:57 INFO  Log:21 - ####################
2023-04-24 21:10:57 INFO  Log:22 - ####################
2023-04-24 21:10:57 INFO  Log:23 - ##########the test case has finished#########
2023-04-24 21:13:43 INFO  Log:16 - *************
2023-04-24 21:13:43 INFO  Log:17 - *************
2023-04-24 21:13:43 INFO  Log:18 - *******test case has been begun*******
2023-04-24 21:13:43 INFO  Log:26 - test case is executing now
2023-04-24 21:13:43 INFO  Log:30 - the test case has an error
2023-04-24 21:13:45 INFO  Log:26 - the test case is about to be completed
2023-04-24 21:13:45 INFO  Log:21 - ####################
2023-04-24 21:13:45 INFO  Log:22 - ####################
2023-04-24 21:13:45 INFO  Log:23 - ##########the test case has finished#########
2023-04-24 21:17:29 INFO  Log:16 - *************
2023-04-24 21:17:29 INFO  Log:17 - *************
2023-04-24 21:17:29 INFO  Log:18 - *******test case has been begun*******
2023-04-24 21:17:29 INFO  Log:26 - test case is executing now
2023-04-24 21:17:29 INFO  Log:30 - the test case has an error
2023-04-24 21:17:32 INFO  Log:26 - the test case is about to be completed
2023-04-24 21:17:32 INFO  Log:21 - ####################
2023-04-24 21:17:32 INFO  Log:22 - ####################
2023-04-24 21:17:32 INFO  Log:23 - ##########the test case has finished#########
2023-04-24 21:19:54 INFO  Log:16 - *************
2023-04-24 21:19:54 INFO  Log:17 - *************
2023-04-24 21:19:54 INFO  Log:18 - *******test case has been begun*******
2023-04-24 21:19:54 INFO  Log:26 - test case is executing now
2023-04-24 21:19:54 INFO  Log:30 - the test case has an error
2023-04-24 21:19:57 INFO  Log:26 - the test case is about to be completed
2023-04-24 21:19:57 INFO  Log:21 - ####################
2023-04-24 21:19:57 INFO  Log:22 - ####################
2023-04-24 21:19:57 INFO  Log:23 - ##########the test case has finished#########
2023-04-24 21:22:52 INFO  Log:16 - *************
2023-04-24 21:22:52 INFO  Log:17 - *************
2023-04-24 21:22:52 INFO  Log:18 - *******test case has been begun*******
2023-04-24 21:22:52 INFO  Log:26 - test case is executing now
2023-04-24 21:22:52 INFO  Log:30 - the test case has an error
2023-04-24 21:22:55 INFO  Log:26 - the test case is about to be completed
2023-04-24 21:22:55 INFO  Log:21 - ####################
2023-04-24 21:22:55 INFO  Log:22 - ####################
2023-04-24 21:22:55 INFO  Log:23 - ##########the test case has finished#########
2023-04-24 21:27:00 INFO  Log:16 - *************
2023-04-24 21:27:00 INFO  Log:17 - *************
2023-04-24 21:27:00 INFO  Log:18 - *******test case has been begun*******
2023-04-24 21:27:00 INFO  Log:26 - test case is executing now
2023-04-24 21:27:00 INFO  Log:30 - the test case has an error
2023-04-24 21:27:13 INFO  Log:26 - the test case is about to be completed
2023-04-24 21:27:13 INFO  Log:21 - ####################
2023-04-24 21:27:13 INFO  Log:22 - ####################
2023-04-24 21:27:13 INFO  Log:23 - ##########the test case has finished#########
2023-04-24 21:27:52 INFO  Log:16 - *************
2023-04-24 21:27:52 INFO  Log:17 - *************
2023-04-24 21:27:52 INFO  Log:18 - *******test case has been begun*******
2023-04-24 21:27:52 INFO  Log:26 - test case is executing now
2023-04-24 21:27:52 INFO  Log:30 - the test case has an error
2023-04-24 21:27:57 INFO  Log:26 - the test case is about to be completed
2023-04-24 21:27:57 INFO  Log:21 - ####################
2023-04-24 21:27:57 INFO  Log:22 - ####################
2023-04-24 21:27:57 INFO  Log:23 - ##########the test case has finished#########
2023-04-24 21:28:31 INFO  Log:16 - *************
2023-04-24 21:28:31 INFO  Log:17 - *************
2023-04-24 21:28:31 INFO  Log:18 - *******test case has been begun*******
2023-04-24 21:28:31 INFO  Log:26 - test case is executing now
2023-04-24 21:28:31 INFO  Log:30 - the test case has an error
2023-04-24 21:28:36 INFO  Log:26 - the test case is about to be completed
2023-04-24 21:28:36 INFO  Log:21 - ####################
2023-04-24 21:28:36 INFO  Log:22 - ####################
2023-04-24 21:28:36 INFO  Log:23 - ##########the test case has finished#########
2023-04-24 21:29:10 INFO  Log:16 - *************
2023-04-24 21:29:10 INFO  Log:17 - *************
2023-04-24 21:29:10 INFO  Log:18 - *******test case has been begun*******
2023-04-24 21:29:10 INFO  Log:26 - test case is executing now
2023-04-24 21:29:10 INFO  Log:30 - the test case has an error
2023-04-24 21:29:14 INFO  Log:26 - the test case is about to be completed
2023-04-24 21:29:14 INFO  Log:21 - ####################
2023-04-24 21:29:14 INFO  Log:22 - ####################
2023-04-24 21:29:14 INFO  Log:23 - ##########the test case has finished#########
2023-04-24 21:29:45 INFO  Log:16 - *************
2023-04-24 21:29:45 INFO  Log:17 - *************
2023-04-24 21:29:45 INFO  Log:18 - *******test case has been begun*******
2023-04-24 21:29:45 INFO  Log:26 - test case is executing now
2023-04-24 21:29:45 INFO  Log:30 - the test case has an error
2023-04-24 21:29:52 INFO  Log:26 - the test case is about to be completed
2023-04-24 21:29:52 INFO  Log:21 - ####################
2023-04-24 21:29:52 INFO  Log:22 - ####################
2023-04-24 21:29:52 INFO  Log:23 - ##########the test case has finished#########
2023-04-24 21:32:05 INFO  Log:16 - *************
2023-04-24 21:32:05 INFO  Log:17 - *************
2023-04-24 21:32:05 INFO  Log:18 - *******test case has been begun*******
2023-04-24 21:32:05 INFO  Log:26 - test case is executing now
2023-04-24 21:32:05 INFO  Log:30 - the test case has an error
2023-04-24 21:32:14 INFO  Log:26 - the test case is about to be completed
2023-04-24 21:32:14 INFO  Log:21 - ####################
2023-04-24 21:32:14 INFO  Log:22 - ####################
2023-04-24 21:32:14 INFO  Log:23 - ##########the test case has finished#########
2023-04-24 21:36:19 INFO  Log:16 - *************
2023-04-24 21:36:19 INFO  Log:17 - *************
2023-04-24 21:36:19 INFO  Log:18 - *******test case has been begun*******
2023-04-24 21:36:19 INFO  Log:26 - test case is executing now
2023-04-24 21:36:19 INFO  Log:30 - the test case has an error
2023-04-24 21:36:31 INFO  Log:26 - the test case is about to be completed
2023-04-24 21:36:31 INFO  Log:21 - ####################
2023-04-24 21:36:31 INFO  Log:22 - ####################
2023-04-24 21:36:31 INFO  Log:23 - ##########the test case has finished#########
2023-04-24 21:39:52 INFO  Log:16 - *************
2023-04-24 21:39:52 INFO  Log:17 - *************
2023-04-24 21:39:52 INFO  Log:18 - *******test case has been begun*******
2023-04-24 21:39:52 INFO  Log:26 - test case is executing now
2023-04-24 21:39:52 INFO  Log:30 - the test case has an error
2023-04-24 21:40:04 INFO  Log:26 - the test case is about to be completed
2023-04-24 21:40:04 INFO  Log:21 - ####################
2023-04-24 21:40:04 INFO  Log:22 - ####################
2023-04-24 21:40:04 INFO  Log:23 - ##########the test case has finished#########
2023-04-25 08:41:33 INFO  Log:16 - *************
2023-04-25 08:41:33 INFO  Log:17 - *************
2023-04-25 08:41:33 INFO  Log:18 - *******test case has been begun*******
2023-04-25 08:41:33 INFO  Log:26 - test case is executing now
2023-04-25 08:41:33 INFO  Log:30 - the test case has an error
2023-04-25 08:41:39 INFO  Log:26 - the test case is about to be completed
2023-04-25 08:41:39 INFO  Log:21 - ####################
2023-04-25 08:41:39 INFO  Log:22 - ####################
2023-04-25 08:41:39 INFO  Log:23 - ##########the test case has finished#########
2023-04-25 08:45:23 INFO  Log:16 - *************
2023-04-25 08:45:23 INFO  Log:17 - *************
2023-04-25 08:45:23 INFO  Log:18 - *******test case has been begun*******
2023-04-25 08:45:23 INFO  Log:26 - test case is executing now
2023-04-25 08:45:23 INFO  Log:30 - the test case has an error
2023-04-25 08:45:28 INFO  Log:26 - the test case is about to be completed
2023-04-25 08:45:28 INFO  Log:21 - ####################
2023-04-25 08:45:28 INFO  Log:22 - ####################
2023-04-25 08:45:28 INFO  Log:23 - ##########the test case has finished#########
2023-04-25 08:46:55 INFO  Log:16 - *************
2023-04-25 08:46:55 INFO  Log:17 - *************
2023-04-25 08:46:55 INFO  Log:18 - *******test case has been begun*******
2023-04-25 08:46:55 INFO  Log:26 - test case is executing now
2023-04-25 08:46:55 INFO  Log:30 - the test case has an error
2023-04-25 08:47:02 INFO  Log:26 - the test case is about to be completed
2023-04-25 08:47:02 INFO  Log:21 - ####################
2023-04-25 08:47:02 INFO  Log:22 - ####################
2023-04-25 08:47:02 INFO  Log:23 - ##########the test case has finished#########
2023-04-25 08:51:07 INFO  Log:16 - *************
2023-04-25 08:51:07 INFO  Log:17 - *************
2023-04-25 08:51:07 INFO  Log:18 - *******test case has been begun*******
2023-04-25 08:51:07 INFO  Log:26 - test case is executing now
2023-04-25 08:51:07 INFO  Log:30 - the test case has an error
2023-04-25 08:51:13 INFO  Log:26 - the test case is about to be completed
2023-04-25 08:51:13 INFO  Log:21 - ####################
2023-04-25 08:51:13 INFO  Log:22 - ####################
2023-04-25 08:51:13 INFO  Log:23 - ##########the test case has finished#########
2023-04-25 08:53:20 INFO  Log:16 - *************
2023-04-25 08:53:20 INFO  Log:17 - *************
2023-04-25 08:53:20 INFO  Log:18 - *******test case has been begun*******
2023-04-25 08:53:20 INFO  Log:26 - test case is executing now
2023-04-25 08:53:20 INFO  Log:30 - the test case has an error
2023-04-25 08:53:35 INFO  Log:26 - the test case is about to be completed
2023-04-25 08:53:35 INFO  Log:21 - ####################
2023-04-25 08:53:35 INFO  Log:22 - ####################
2023-04-25 08:53:35 INFO  Log:23 - ##########the test case has finished#########
2023-04-25 08:55:49 INFO  Log:16 - *************
2023-04-25 08:55:49 INFO  Log:17 - *************
2023-04-25 08:55:49 INFO  Log:18 - *******test case has been begun*******
2023-04-25 08:55:49 INFO  Log:26 - test case is executing now
2023-04-25 08:55:49 INFO  Log:30 - the test case has an error
2023-04-25 08:56:04 INFO  Log:26 - the test case is about to be completed
2023-04-25 08:56:04 INFO  Log:21 - ####################
2023-04-25 08:56:04 INFO  Log:22 - ####################
2023-04-25 08:56:04 INFO  Log:23 - ##########the test case has finished#########
2023-04-25 08:59:55 INFO  Log:16 - *************
2023-04-25 08:59:55 INFO  Log:17 - *************
2023-04-25 08:59:55 INFO  Log:18 - *******test case has been begun*******
2023-04-25 08:59:55 INFO  Log:26 - test case is executing now
2023-04-25 08:59:55 INFO  Log:30 - the test case has an error
2023-04-25 09:00:11 INFO  Log:26 - the test case is about to be completed
2023-04-25 09:00:11 INFO  Log:21 - ####################
2023-04-25 09:00:11 INFO  Log:22 - ####################
2023-04-25 09:00:11 INFO  Log:23 - ##########the test case has finished#########
2023-04-25 09:03:39 INFO  Log:16 - *************
2023-04-25 09:03:39 INFO  Log:17 - *************
2023-04-25 09:03:39 INFO  Log:18 - *******test case has been begun*******
2023-04-25 09:03:39 INFO  Log:26 - test case is executing now
2023-04-25 09:03:39 INFO  Log:30 - the test case has an error
2023-04-25 09:03:55 INFO  Log:26 - the test case is about to be completed
2023-04-25 09:03:55 INFO  Log:21 - ####################
2023-04-25 09:03:55 INFO  Log:22 - ####################
2023-04-25 09:03:55 INFO  Log:23 - ##########the test case has finished#########
2023-04-25 09:04:53 INFO  Log:16 - *************
2023-04-25 09:04:53 INFO  Log:17 - *************
2023-04-25 09:04:53 INFO  Log:18 - *******test case has been begun*******
2023-04-25 09:04:53 INFO  Log:26 - test case is executing now
2023-04-25 09:04:53 INFO  Log:30 - the test case has an error
2023-04-25 09:05:02 INFO  Log:26 - the test case is about to be completed
2023-04-25 09:05:02 INFO  Log:21 - ####################
2023-04-25 09:05:02 INFO  Log:22 - ####################
2023-04-25 09:05:02 INFO  Log:23 - ##########the test case has finished#########
2023-04-25 09:08:18 INFO  Log:16 - *************
2023-04-25 09:08:18 INFO  Log:17 - *************
2023-04-25 09:08:18 INFO  Log:18 - *******test case has been begun*******
2023-04-25 09:08:18 INFO  Log:26 - test case is executing now
2023-04-25 09:08:18 INFO  Log:30 - the test case has an error
2023-04-25 09:08:27 INFO  Log:26 - the test case is about to be completed
2023-04-25 09:08:27 INFO  Log:21 - ####################
2023-04-25 09:08:27 INFO  Log:22 - ####################
2023-04-25 09:08:27 INFO  Log:23 - ##########the test case has finished#########
2023-04-25 09:13:42 INFO  Log:16 - *************
2023-04-25 09:13:42 INFO  Log:17 - *************
2023-04-25 09:13:42 INFO  Log:18 - *******test case has been begun*******
2023-04-25 09:13:42 INFO  Log:26 - test case is executing now
2023-04-25 09:13:42 INFO  Log:30 - the test case has an error
2023-04-25 09:13:52 INFO  Log:26 - the test case is about to be completed
2023-04-25 09:13:52 INFO  Log:21 - ####################
2023-04-25 09:13:52 INFO  Log:22 - ####################
2023-04-25 09:13:52 INFO  Log:23 - ##########the test case has finished#########
2023-04-25 09:14:54 INFO  Log:16 - *************
2023-04-25 09:14:54 INFO  Log:17 - *************
2023-04-25 09:14:54 INFO  Log:18 - *******test case has been begun*******
2023-04-25 09:14:54 INFO  Log:26 - test case is executing now
2023-04-25 09:14:54 INFO  Log:30 - the test case has an error
2023-04-25 09:14:59 INFO  Log:26 - the test case is about to be completed
2023-04-25 09:14:59 INFO  Log:21 - ####################
2023-04-25 09:14:59 INFO  Log:22 - ####################
2023-04-25 09:14:59 INFO  Log:23 - ##########the test case has finished#########
2023-04-25 09:17:22 INFO  Log:16 - *************
2023-04-25 09:17:22 INFO  Log:17 - *************
2023-04-25 09:17:22 INFO  Log:18 - *******test case has been begun*******
2023-04-25 09:17:22 INFO  Log:26 - test case is executing now
2023-04-25 09:17:22 INFO  Log:30 - the test case has an error
2023-04-25 09:17:31 INFO  Log:26 - the test case is about to be completed
2023-04-25 09:17:31 INFO  Log:21 - ####################
2023-04-25 09:17:31 INFO  Log:22 - ####################
2023-04-25 09:17:31 INFO  Log:23 - ##########the test case has finished#########
2023-04-25 09:20:05 INFO  Log:16 - *************
2023-04-25 09:20:05 INFO  Log:17 - *************
2023-04-25 09:20:05 INFO  Log:18 - *******test case has been begun*******
2023-04-25 09:20:05 INFO  Log:26 - test case is executing now
2023-04-25 09:20:05 INFO  Log:30 - the test case has an error
2023-04-25 09:20:15 INFO  Log:26 - the test case is about to be completed
2023-04-25 09:20:15 INFO  Log:21 - ####################
2023-04-25 09:20:15 INFO  Log:22 - ####################
2023-04-25 09:20:15 INFO  Log:23 - ##########the test case has finished#########
2023-04-25 09:21:41 INFO  Log:16 - *************
2023-04-25 09:21:41 INFO  Log:17 - *************
2023-04-25 09:21:41 INFO  Log:18 - *******test case has been begun*******
2023-04-25 09:21:41 INFO  Log:26 - test case is executing now
2023-04-25 09:21:41 INFO  Log:30 - the test case has an error
2023-04-25 09:21:47 INFO  Log:26 - the test case is about to be completed
2023-04-25 09:21:47 INFO  Log:21 - ####################
2023-04-25 09:21:47 INFO  Log:22 - ####################
2023-04-25 09:21:47 INFO  Log:23 - ##########the test case has finished#########
2023-04-25 09:28:44 INFO  Log:16 - *************
2023-04-25 09:28:44 INFO  Log:17 - *************
2023-04-25 09:28:44 INFO  Log:18 - *******test case has been begun*******
2023-04-25 09:28:44 INFO  Log:26 - test case is executing now
2023-04-25 09:28:44 INFO  Log:30 - the test case has an error
2023-04-25 09:28:50 INFO  Log:26 - the test case is about to be completed
2023-04-25 09:28:50 INFO  Log:21 - ####################
2023-04-25 09:28:50 INFO  Log:22 - ####################
2023-04-25 09:28:50 INFO  Log:23 - ##########the test case has finished#########
2023-04-25 09:31:25 INFO  Log:16 - *************
2023-04-25 09:31:25 INFO  Log:17 - *************
2023-04-25 09:31:25 INFO  Log:18 - *******test case has been begun*******
2023-04-25 09:31:25 INFO  Log:26 - test case is executing now
2023-04-25 09:31:25 INFO  Log:30 - the test case has an error
2023-04-25 09:31:32 INFO  Log:26 - the test case is about to be completed
2023-04-25 09:31:32 INFO  Log:21 - ####################
2023-04-25 09:31:32 INFO  Log:22 - ####################
2023-04-25 09:31:32 INFO  Log:23 - ##########the test case has finished#########
2023-04-25 09:34:23 INFO  Log:16 - *************
2023-04-25 09:34:23 INFO  Log:17 - *************
2023-04-25 09:34:23 INFO  Log:18 - *******test case has been begun*******
2023-04-25 09:34:23 INFO  Log:26 - test case is executing now
2023-04-25 09:34:23 INFO  Log:30 - the test case has an error
2023-04-25 09:34:29 INFO  Log:26 - the test case is about to be completed
2023-04-25 09:34:29 INFO  Log:21 - ####################
2023-04-25 09:34:29 INFO  Log:22 - ####################
2023-04-25 09:34:29 INFO  Log:23 - ##########the test case has finished#########
2023-04-25 09:36:15 INFO  Log:16 - *************
2023-04-25 09:36:15 INFO  Log:17 - *************
2023-04-25 09:36:15 INFO  Log:18 - *******test case has been begun*******
2023-04-25 09:36:15 INFO  Log:26 - test case is executing now
2023-04-25 09:36:15 INFO  Log:30 - the test case has an error
2023-04-25 09:36:21 INFO  Log:26 - the test case is about to be completed
2023-04-25 09:36:21 INFO  Log:21 - ####################
2023-04-25 09:36:21 INFO  Log:22 - ####################
2023-04-25 09:36:21 INFO  Log:23 - ##########the test case has finished#########
2023-04-25 09:41:51 INFO  Log:16 - *************
2023-04-25 09:41:51 INFO  Log:17 - *************
2023-04-25 09:41:51 INFO  Log:18 - *******test case has been begun*******
2023-04-25 09:41:51 INFO  Log:26 - test case is executing now
2023-04-25 09:41:51 INFO  Log:30 - the test case has an error
2023-04-25 09:41:58 INFO  Log:26 - the test case is about to be completed
2023-04-25 09:41:58 INFO  Log:21 - ####################
2023-04-25 09:41:58 INFO  Log:22 - ####################
2023-04-25 09:41:58 INFO  Log:23 - ##########the test case has finished#########
2023-04-25 09:45:33 INFO  Log:16 - *************
2023-04-25 09:45:33 INFO  Log:17 - *************
2023-04-25 09:45:33 INFO  Log:18 - *******test case has been begun*******
2023-04-25 09:45:33 INFO  Log:26 - test case is executing now
2023-04-25 09:45:33 INFO  Log:30 - the test case has an error
2023-04-25 09:45:40 INFO  Log:26 - the test case is about to be completed
2023-04-25 09:45:40 INFO  Log:21 - ####################
2023-04-25 09:45:40 INFO  Log:22 - ####################
2023-04-25 09:45:40 INFO  Log:23 - ##########the test case has finished#########
2023-04-25 09:49:11 INFO  Log:16 - *************
2023-04-25 09:49:11 INFO  Log:17 - *************
2023-04-25 09:49:11 INFO  Log:18 - *******test case has been begun*******
2023-04-25 09:49:11 INFO  Log:26 - test case is executing now
2023-04-25 09:49:11 INFO  Log:30 - the test case has an error
2023-04-25 09:49:18 INFO  Log:26 - the test case is about to be completed
2023-04-25 09:49:18 INFO  Log:21 - ####################
2023-04-25 09:49:18 INFO  Log:22 - ####################
2023-04-25 09:49:18 INFO  Log:23 - ##########the test case has finished#########
2023-04-25 09:59:10 INFO  Log:16 - *************
2023-04-25 09:59:10 INFO  Log:17 - *************
2023-04-25 09:59:10 INFO  Log:18 - *******test case has been begun*******
2023-04-25 09:59:10 INFO  Log:26 - test case is executing now
2023-04-25 09:59:10 INFO  Log:30 - the test case has an error
2023-04-25 09:59:16 INFO  Log:26 - the test case is about to be completed
2023-04-25 09:59:16 INFO  Log:21 - ####################
2023-04-25 09:59:16 INFO  Log:22 - ####################
2023-04-25 09:59:16 INFO  Log:23 - ##########the test case has finished#########
2023-04-25 10:03:04 INFO  Log:16 - *************
2023-04-25 10:03:04 INFO  Log:17 - *************
2023-04-25 10:03:04 INFO  Log:18 - *******test case has been begun*******
2023-04-25 10:03:04 INFO  Log:26 - test case is executing now
2023-04-25 10:03:04 INFO  Log:30 - the test case has an error
2023-04-25 10:03:13 INFO  Log:26 - the test case is about to be completed
2023-04-25 10:03:13 INFO  Log:21 - ####################
2023-04-25 10:03:13 INFO  Log:22 - ####################
2023-04-25 10:03:13 INFO  Log:23 - ##########the test case has finished#########
2023-04-25 10:04:43 INFO  Log:16 - *************
2023-04-25 10:04:43 INFO  Log:17 - *************
2023-04-25 10:04:43 INFO  Log:18 - *******test case has been begun*******
2023-04-25 10:04:43 INFO  Log:26 - test case is executing now
2023-04-25 10:04:43 INFO  Log:30 - the test case has an error
2023-04-25 10:04:48 INFO  Log:26 - the test case is about to be completed
2023-04-25 10:04:48 INFO  Log:21 - ####################
2023-04-25 10:04:48 INFO  Log:22 - ####################
2023-04-25 10:04:48 INFO  Log:23 - ##########the test case has finished#########
2023-04-25 10:05:51 INFO  Log:16 - *************
2023-04-25 10:05:51 INFO  Log:17 - *************
2023-04-25 10:05:51 INFO  Log:18 - *******test case has been begun*******
2023-04-25 10:05:51 INFO  Log:26 - test case is executing now
2023-04-25 10:05:51 INFO  Log:30 - the test case has an error
2023-04-25 10:05:57 INFO  Log:26 - the test case is about to be completed
2023-04-25 10:05:57 INFO  Log:21 - ####################
2023-04-25 10:05:57 INFO  Log:22 - ####################
2023-04-25 10:05:57 INFO  Log:23 - ##########the test case has finished#########
2023-04-25 10:06:39 INFO  Log:16 - *************
2023-04-25 10:06:39 INFO  Log:17 - *************
2023-04-25 10:06:39 INFO  Log:18 - *******test case has been begun*******
2023-04-25 10:06:39 INFO  Log:26 - test case is executing now
2023-04-25 10:06:39 INFO  Log:30 - the test case has an error
2023-04-25 10:06:46 INFO  Log:26 - the test case is about to be completed
2023-04-25 10:06:46 INFO  Log:21 - ####################
2023-04-25 10:06:46 INFO  Log:22 - ####################
2023-04-25 10:06:46 INFO  Log:23 - ##########the test case has finished#########
2023-04-25 10:07:23 INFO  Log:16 - *************
2023-04-25 10:07:23 INFO  Log:17 - *************
2023-04-25 10:07:23 INFO  Log:18 - *******test case has been begun*******
2023-04-25 10:07:23 INFO  Log:26 - test case is executing now
2023-04-25 10:07:23 INFO  Log:30 - the test case has an error
2023-04-25 10:07:25 INFO  Log:16 - *************
2023-04-25 10:07:25 INFO  Log:17 - *************
2023-04-25 10:07:25 INFO  Log:18 - *******test case has been begun*******
2023-04-25 10:07:25 INFO  Log:26 - test case is executing now
2023-04-25 10:07:25 INFO  Log:30 - the test case has an error
2023-04-25 10:07:29 INFO  Log:26 - the test case is about to be completed
2023-04-25 10:07:29 INFO  Log:21 - ####################
2023-04-25 10:07:29 INFO  Log:22 - ####################
2023-04-25 10:07:29 INFO  Log:23 - ##########the test case has finished#########
2023-04-25 10:07:31 INFO  Log:26 - the test case is about to be completed
2023-04-25 10:07:31 INFO  Log:21 - ####################
2023-04-25 10:07:31 INFO  Log:22 - ####################
2023-04-25 10:07:31 INFO  Log:23 - ##########the test case has finished#########
2023-04-25 10:09:07 INFO  Log:16 - *************
2023-04-25 10:09:07 INFO  Log:17 - *************
2023-04-25 10:09:07 INFO  Log:18 - *******test case has been begun*******
2023-04-25 10:09:07 INFO  Log:26 - test case is executing now
2023-04-25 10:09:07 INFO  Log:30 - the test case has an error
2023-04-25 10:09:15 INFO  Log:26 - the test case is about to be completed
2023-04-25 10:09:15 INFO  Log:21 - ####################
2023-04-25 10:09:15 INFO  Log:22 - ####################
2023-04-25 10:09:15 INFO  Log:23 - ##########the test case has finished#########
2023-04-25 10:11:46 INFO  Log:16 - *************
2023-04-25 10:11:46 INFO  Log:17 - *************
2023-04-25 10:11:46 INFO  Log:18 - *******test case has been begun*******
2023-04-25 10:11:46 INFO  Log:26 - test case is executing now
2023-04-25 10:11:46 INFO  Log:30 - the test case has an error
2023-04-25 10:11:54 INFO  Log:26 - the test case is about to be completed
2023-04-25 10:11:54 INFO  Log:21 - ####################
2023-04-25 10:11:54 INFO  Log:22 - ####################
2023-04-25 10:11:54 INFO  Log:23 - ##########the test case has finished#########
2023-04-25 10:14:14 INFO  Log:16 - *************
2023-04-25 10:14:14 INFO  Log:17 - *************
2023-04-25 10:14:14 INFO  Log:18 - *******test case has been begun*******
2023-04-25 10:14:14 INFO  Log:26 - test case is executing now
2023-04-25 10:14:14 INFO  Log:30 - the test case has an error
2023-04-25 10:14:22 INFO  Log:26 - the test case is about to be completed
2023-04-25 10:14:22 INFO  Log:21 - ####################
2023-04-25 10:14:22 INFO  Log:22 - ####################
2023-04-25 10:14:22 INFO  Log:23 - ##########the test case has finished#########
2023-04-25 10:16:06 INFO  Log:16 - *************
2023-04-25 10:16:06 INFO  Log:17 - *************
2023-04-25 10:16:06 INFO  Log:18 - *******test case has been begun*******
2023-04-25 10:16:06 INFO  Log:26 - test case is executing now
2023-04-25 10:16:06 INFO  Log:30 - the test case has an error
2023-04-25 10:16:12 INFO  Log:26 - the test case is about to be completed
2023-04-25 10:16:12 INFO  Log:21 - ####################
2023-04-25 10:16:12 INFO  Log:22 - ####################
2023-04-25 10:16:12 INFO  Log:23 - ##########the test case has finished#########
2023-04-25 10:19:09 INFO  Log:16 - *************
2023-04-25 10:19:09 INFO  Log:17 - *************
2023-04-25 10:19:09 INFO  Log:18 - *******test case has been begun*******
2023-04-25 10:19:09 INFO  Log:26 - test case is executing now
2023-04-25 10:19:09 INFO  Log:30 - the test case has an error
2023-04-25 10:19:17 INFO  Log:26 - the test case is about to be completed
2023-04-25 10:19:17 INFO  Log:21 - ####################
2023-04-25 10:19:17 INFO  Log:22 - ####################
2023-04-25 10:19:17 INFO  Log:23 - ##########the test case has finished#########
2023-04-25 10:21:02 INFO  Log:16 - *************
2023-04-25 10:21:02 INFO  Log:17 - *************
2023-04-25 10:21:02 INFO  Log:18 - *******test case has been begun*******
2023-04-25 10:21:02 INFO  Log:26 - test case is executing now
2023-04-25 10:21:02 INFO  Log:30 - the test case has an error
2023-04-25 10:21:10 INFO  Log:26 - the test case is about to be completed
2023-04-25 10:21:10 INFO  Log:21 - ####################
2023-04-25 10:21:10 INFO  Log:22 - ####################
2023-04-25 10:21:10 INFO  Log:23 - ##########the test case has finished#########
2023-04-25 10:21:58 INFO  Log:16 - *************
2023-04-25 10:21:58 INFO  Log:17 - *************
2023-04-25 10:21:58 INFO  Log:18 - *******test case has been begun*******
2023-04-25 10:21:58 INFO  Log:26 - test case is executing now
2023-04-25 10:21:58 INFO  Log:30 - the test case has an error
2023-04-25 10:22:01 INFO  Log:16 - *************
2023-04-25 10:22:01 INFO  Log:17 - *************
2023-04-25 10:22:01 INFO  Log:18 - *******test case has been begun*******
2023-04-25 10:22:01 INFO  Log:26 - test case is executing now
2023-04-25 10:22:01 INFO  Log:30 - the test case has an error
2023-04-25 10:22:07 INFO  Log:26 - the test case is about to be completed
2023-04-25 10:22:07 INFO  Log:21 - ####################
2023-04-25 10:22:07 INFO  Log:22 - ####################
2023-04-25 10:22:07 INFO  Log:23 - ##########the test case has finished#########
2023-04-25 10:22:10 INFO  Log:26 - the test case is about to be completed
2023-04-25 10:22:10 INFO  Log:21 - ####################
2023-04-25 10:22:10 INFO  Log:22 - ####################
2023-04-25 10:22:10 INFO  Log:23 - ##########the test case has finished#########
2023-04-25 10:23:09 INFO  Log:16 - *************
2023-04-25 10:23:09 INFO  Log:17 - *************
2023-04-25 10:23:09 INFO  Log:18 - *******test case has been begun*******
2023-04-25 10:23:09 INFO  Log:26 - test case is executing now
2023-04-25 10:23:09 INFO  Log:30 - the test case has an error
2023-04-25 10:23:18 INFO  Log:26 - the test case is about to be completed
2023-04-25 10:23:18 INFO  Log:21 - ####################
2023-04-25 10:23:18 INFO  Log:22 - ####################
2023-04-25 10:23:18 INFO  Log:23 - ##########the test case has finished#########
2023-04-25 10:24:01 INFO  Log:16 - *************
2023-04-25 10:24:01 INFO  Log:17 - *************
2023-04-25 10:24:01 INFO  Log:18 - *******test case has been begun*******
2023-04-25 10:24:01 INFO  Log:26 - test case is executing now
2023-04-25 10:24:01 INFO  Log:30 - the test case has an error
2023-04-25 10:24:09 INFO  Log:26 - the test case is about to be completed
2023-04-25 10:24:09 INFO  Log:21 - ####################
2023-04-25 10:24:09 INFO  Log:22 - ####################
2023-04-25 10:24:09 INFO  Log:23 - ##########the test case has finished#########
2023-04-25 10:24:34 INFO  Log:16 - *************
2023-04-25 10:24:34 INFO  Log:17 - *************
2023-04-25 10:24:34 INFO  Log:18 - *******test case has been begun*******
2023-04-25 10:24:34 INFO  Log:26 - test case is executing now
2023-04-25 10:24:34 INFO  Log:30 - the test case has an error
2023-04-25 10:25:18 INFO  Log:16 - *************
2023-04-25 10:25:18 INFO  Log:17 - *************
2023-04-25 10:25:18 INFO  Log:18 - *******test case has been begun*******
2023-04-25 10:25:18 INFO  Log:26 - test case is executing now
2023-04-25 10:25:18 INFO  Log:30 - the test case has an error
2023-04-25 10:25:26 INFO  Log:26 - the test case is about to be completed
2023-04-25 10:25:26 INFO  Log:21 - ####################
2023-04-25 10:25:26 INFO  Log:22 - ####################
2023-04-25 10:25:26 INFO  Log:23 - ##########the test case has finished#########
2023-04-25 10:26:35 INFO  Log:16 - *************
2023-04-25 10:26:35 INFO  Log:17 - *************
2023-04-25 10:26:35 INFO  Log:18 - *******test case has been begun*******
2023-04-25 10:26:35 INFO  Log:26 - test case is executing now
2023-04-25 10:26:35 INFO  Log:30 - the test case has an error
2023-04-25 10:26:40 INFO  Log:26 - the test case is about to be completed
2023-04-25 10:26:40 INFO  Log:21 - ####################
2023-04-25 10:26:40 INFO  Log:22 - ####################
2023-04-25 10:26:40 INFO  Log:23 - ##########the test case has finished#########
2023-04-25 10:27:26 INFO  Log:16 - *************
2023-04-25 10:27:26 INFO  Log:17 - *************
2023-04-25 10:27:26 INFO  Log:18 - *******test case has been begun*******
2023-04-25 10:27:26 INFO  Log:26 - test case is executing now
2023-04-25 10:27:26 INFO  Log:30 - the test case has an error
2023-04-25 10:27:34 INFO  Log:26 - the test case is about to be completed
2023-04-25 10:27:34 INFO  Log:21 - ####################
2023-04-25 10:27:34 INFO  Log:22 - ####################
2023-04-25 10:27:34 INFO  Log:23 - ##########the test case has finished#########
2023-04-25 10:28:27 INFO  Log:16 - *************
2023-04-25 10:28:27 INFO  Log:17 - *************
2023-04-25 10:28:27 INFO  Log:18 - *******test case has been begun*******
2023-04-25 10:28:27 INFO  Log:26 - test case is executing now
2023-04-25 10:28:27 INFO  Log:30 - the test case has an error
2023-04-25 10:28:35 INFO  Log:26 - the test case is about to be completed
2023-04-25 10:28:35 INFO  Log:21 - ####################
2023-04-25 10:28:35 INFO  Log:22 - ####################
2023-04-25 10:28:35 INFO  Log:23 - ##########the test case has finished#########
2023-04-25 10:29:27 INFO  Log:16 - *************
2023-04-25 10:29:27 INFO  Log:17 - *************
2023-04-25 10:29:27 INFO  Log:18 - *******test case has been begun*******
2023-04-25 10:29:27 INFO  Log:26 - test case is executing now
2023-04-25 10:29:27 INFO  Log:30 - the test case has an error
2023-04-25 10:29:38 INFO  Log:26 - the test case is about to be completed
2023-04-25 10:29:38 INFO  Log:21 - ####################
2023-04-25 10:29:38 INFO  Log:22 - ####################
2023-04-25 10:29:38 INFO  Log:23 - ##########the test case has finished#########
2023-04-25 10:38:43 INFO  Log:16 - *************
2023-04-25 10:38:43 INFO  Log:17 - *************
2023-04-25 10:38:43 INFO  Log:18 - *******test case has been begun*******
2023-04-25 10:38:43 INFO  Log:26 - test case is executing now
2023-04-25 10:38:43 INFO  Log:30 - the test case has an error
2023-04-25 10:38:46 INFO  Log:26 - the test case is about to be completed
2023-04-25 10:38:46 INFO  Log:21 - ####################
2023-04-25 10:38:46 INFO  Log:22 - ####################
2023-04-25 10:38:46 INFO  Log:23 - ##########the test case has finished#########
2023-04-25 10:39:22 INFO  Log:16 - *************
2023-04-25 10:39:22 INFO  Log:17 - *************
2023-04-25 10:39:22 INFO  Log:18 - *******test case has been begun*******
2023-04-25 10:39:22 INFO  Log:26 - test case is executing now
2023-04-25 10:39:22 INFO  Log:30 - the test case has an error
2023-04-25 10:39:24 INFO  Log:26 - the test case is about to be completed
2023-04-25 10:39:24 INFO  Log:21 - ####################
2023-04-25 10:39:24 INFO  Log:22 - ####################
2023-04-25 10:39:24 INFO  Log:23 - ##########the test case has finished#########
2023-04-25 10:45:19 INFO  Log:16 - *************
2023-04-25 10:45:19 INFO  Log:17 - *************
2023-04-25 10:45:19 INFO  Log:18 - *******test case has been begun*******
2023-04-25 10:45:19 INFO  Log:26 - test case is executing now
2023-04-25 10:45:19 INFO  Log:30 - the test case has an error
2023-04-25 10:45:22 INFO  Log:26 - the test case is about to be completed
2023-04-25 10:45:22 INFO  Log:21 - ####################
2023-04-25 10:45:22 INFO  Log:22 - ####################
2023-04-25 10:45:22 INFO  Log:23 - ##########the test case has finished#########
2023-04-25 10:49:23 INFO  Log:16 - *************
2023-04-25 10:49:23 INFO  Log:17 - *************
2023-04-25 10:49:23 INFO  Log:18 - *******test case has been begun*******
2023-04-25 10:49:23 INFO  Log:26 - test case is executing now
2023-04-25 10:49:23 INFO  Log:30 - the test case has an error
2023-04-25 10:49:30 INFO  Log:26 - the test case is about to be completed
2023-04-25 10:49:30 INFO  Log:21 - ####################
2023-04-25 10:49:30 INFO  Log:22 - ####################
2023-04-25 10:49:30 INFO  Log:23 - ##########the test case has finished#########
2023-04-25 10:49:33 INFO  Log:16 - *************
2023-04-25 10:49:33 INFO  Log:17 - *************
2023-04-25 10:49:33 INFO  Log:18 - *******test case has been begun*******
2023-04-25 10:49:33 INFO  Log:26 - test case is executing now
2023-04-25 10:49:33 INFO  Log:30 - the test case has an error
2023-04-25 10:49:56 INFO  Log:16 - *************
2023-04-25 10:49:56 INFO  Log:17 - *************
2023-04-25 10:49:56 INFO  Log:18 - *******test case has been begun*******
2023-04-25 10:49:56 INFO  Log:26 - test case is executing now
2023-04-25 10:49:56 INFO  Log:30 - the test case has an error
2023-04-25 10:49:59 INFO  Log:26 - the test case is about to be completed
2023-04-25 10:49:59 INFO  Log:21 - ####################
2023-04-25 10:49:59 INFO  Log:22 - ####################
2023-04-25 10:49:59 INFO  Log:23 - ##########the test case has finished#########
2023-04-25 10:50:49 INFO  Log:16 - *************
2023-04-25 10:50:49 INFO  Log:17 - *************
2023-04-25 10:50:49 INFO  Log:18 - *******test case has been begun*******
2023-04-25 10:50:49 INFO  Log:26 - test case is executing now
2023-04-25 10:50:49 INFO  Log:30 - the test case has an error
2023-04-25 10:50:50 INFO  Log:26 - the test case is about to be completed
2023-04-25 10:50:50 INFO  Log:21 - ####################
2023-04-25 10:50:50 INFO  Log:22 - ####################
2023-04-25 10:50:50 INFO  Log:23 - ##########the test case has finished#########
2023-04-25 10:53:04 INFO  Log:16 - *************
2023-04-25 10:53:04 INFO  Log:17 - *************
2023-04-25 10:53:04 INFO  Log:18 - *******test case has been begun*******
2023-04-25 10:53:04 INFO  Log:26 - test case is executing now
2023-04-25 10:53:04 INFO  Log:30 - the test case has an error
2023-04-25 10:53:07 INFO  Log:26 - the test case is about to be completed
2023-04-25 10:53:07 INFO  Log:21 - ####################
2023-04-25 10:53:07 INFO  Log:22 - ####################
2023-04-25 10:53:07 INFO  Log:23 - ##########the test case has finished#########
2023-04-25 10:55:12 INFO  Log:16 - *************
2023-04-25 10:55:12 INFO  Log:17 - *************
2023-04-25 10:55:12 INFO  Log:18 - *******test case has been begun*******
2023-04-25 10:55:12 INFO  Log:26 - test case is executing now
2023-04-25 10:55:12 INFO  Log:30 - the test case has an error
2023-04-25 10:55:14 INFO  Log:26 - the test case is about to be completed
2023-04-25 10:55:14 INFO  Log:21 - ####################
2023-04-25 10:55:14 INFO  Log:22 - ####################
2023-04-25 10:55:14 INFO  Log:23 - ##########the test case has finished#########
2023-04-25 10:56:54 INFO  Log:16 - *************
2023-04-25 10:56:54 INFO  Log:17 - *************
2023-04-25 10:56:54 INFO  Log:18 - *******test case has been begun*******
2023-04-25 10:56:54 INFO  Log:26 - test case is executing now
2023-04-25 10:56:54 INFO  Log:30 - the test case has an error
2023-04-25 10:56:57 INFO  Log:26 - the test case is about to be completed
2023-04-25 10:56:57 INFO  Log:21 - ####################
2023-04-25 10:56:57 INFO  Log:22 - ####################
2023-04-25 10:56:57 INFO  Log:23 - ##########the test case has finished#########
2023-04-25 10:58:03 INFO  Log:16 - *************
2023-04-25 10:58:03 INFO  Log:17 - *************
2023-04-25 10:58:03 INFO  Log:18 - *******test case has been begun*******
2023-04-25 10:58:03 INFO  Log:26 - test case is executing now
2023-04-25 10:58:03 INFO  Log:30 - the test case has an error
2023-04-25 10:58:06 INFO  Log:26 - the test case is about to be completed
2023-04-25 10:58:06 INFO  Log:21 - ####################
2023-04-25 10:58:06 INFO  Log:22 - ####################
2023-04-25 10:58:06 INFO  Log:23 - ##########the test case has finished#########
2023-04-25 10:59:39 INFO  Log:16 - *************
2023-04-25 10:59:39 INFO  Log:17 - *************
2023-04-25 10:59:39 INFO  Log:18 - *******test case has been begun*******
2023-04-25 10:59:39 INFO  Log:26 - test case is executing now
2023-04-25 10:59:39 INFO  Log:30 - the test case has an error
2023-04-25 10:59:43 INFO  Log:26 - the test case is about to be completed
2023-04-25 10:59:43 INFO  Log:21 - ####################
2023-04-25 10:59:43 INFO  Log:22 - ####################
2023-04-25 10:59:43 INFO  Log:23 - ##########the test case has finished#########
2023-04-25 11:00:01 INFO  Log:16 - *************
2023-04-25 11:00:01 INFO  Log:17 - *************
2023-04-25 11:00:02 INFO  Log:18 - *******test case has been begun*******
2023-04-25 11:00:02 INFO  Log:26 - test case is executing now
2023-04-25 11:00:02 INFO  Log:30 - the test case has an error
2023-04-25 11:00:05 INFO  Log:26 - the test case is about to be completed
2023-04-25 11:00:05 INFO  Log:21 - ####################
2023-04-25 11:00:05 INFO  Log:22 - ####################
2023-04-25 11:00:05 INFO  Log:23 - ##########the test case has finished#########
2023-04-25 11:02:20 INFO  Log:16 - *************
2023-04-25 11:02:20 INFO  Log:17 - *************
2023-04-25 11:02:20 INFO  Log:18 - *******test case has been begun*******
2023-04-25 11:02:20 INFO  Log:26 - test case is executing now
2023-04-25 11:02:20 INFO  Log:30 - the test case has an error
2023-04-25 11:02:23 INFO  Log:26 - the test case is about to be completed
2023-04-25 11:02:23 INFO  Log:21 - ####################
2023-04-25 11:02:23 INFO  Log:22 - ####################
2023-04-25 11:02:23 INFO  Log:23 - ##########the test case has finished#########
2023-04-25 11:05:04 INFO  Log:16 - *************
2023-04-25 11:05:04 INFO  Log:17 - *************
2023-04-25 11:05:04 INFO  Log:18 - *******test case has been begun*******
2023-04-25 11:05:04 INFO  Log:26 - test case is executing now
2023-04-25 11:05:04 INFO  Log:30 - the test case has an error
2023-04-25 11:05:07 INFO  Log:26 - the test case is about to be completed
2023-04-25 11:05:07 INFO  Log:21 - ####################
2023-04-25 11:05:07 INFO  Log:22 - ####################
2023-04-25 11:05:07 INFO  Log:23 - ##########the test case has finished#########
2023-04-25 11:05:42 INFO  Log:16 - *************
2023-04-25 11:05:42 INFO  Log:17 - *************
2023-04-25 11:05:42 INFO  Log:18 - *******test case has been begun*******
2023-04-25 11:05:42 INFO  Log:26 - test case is executing now
2023-04-25 11:05:42 INFO  Log:30 - the test case has an error
2023-04-25 11:05:45 INFO  Log:26 - the test case is about to be completed
2023-04-25 11:05:45 INFO  Log:21 - ####################
2023-04-25 11:05:45 INFO  Log:22 - ####################
2023-04-25 11:05:45 INFO  Log:23 - ##########the test case has finished#########
2023-04-25 11:06:11 INFO  Log:16 - *************
2023-04-25 11:06:11 INFO  Log:17 - *************
2023-04-25 11:06:11 INFO  Log:18 - *******test case has been begun*******
2023-04-25 11:06:11 INFO  Log:26 - test case is executing now
2023-04-25 11:06:11 INFO  Log:30 - the test case has an error
2023-04-25 11:06:14 INFO  Log:26 - the test case is about to be completed
2023-04-25 11:06:14 INFO  Log:21 - ####################
2023-04-25 11:06:14 INFO  Log:22 - ####################
2023-04-25 11:06:14 INFO  Log:23 - ##########the test case has finished#########
2023-04-25 11:06:37 INFO  Log:16 - *************
2023-04-25 11:06:37 INFO  Log:17 - *************
2023-04-25 11:06:37 INFO  Log:18 - *******test case has been begun*******
2023-04-25 11:06:37 INFO  Log:26 - test case is executing now
2023-04-25 11:06:37 INFO  Log:30 - the test case has an error
2023-04-25 11:06:40 INFO  Log:26 - the test case is about to be completed
2023-04-25 11:06:40 INFO  Log:21 - ####################
2023-04-25 11:06:40 INFO  Log:22 - ####################
2023-04-25 11:06:40 INFO  Log:23 - ##########the test case has finished#########
2023-04-25 11:09:14 INFO  Log:16 - *************
2023-04-25 11:09:14 INFO  Log:17 - *************
2023-04-25 11:09:14 INFO  Log:18 - *******test case has been begun*******
2023-04-25 11:09:14 INFO  Log:26 - test case is executing now
2023-04-25 11:09:14 INFO  Log:30 - the test case has an error
2023-04-25 11:09:16 INFO  Log:26 - the test case is about to be completed
2023-04-25 11:09:16 INFO  Log:21 - ####################
2023-04-25 11:09:16 INFO  Log:22 - ####################
2023-04-25 11:09:16 INFO  Log:23 - ##########the test case has finished#########
2023-04-25 11:27:43 INFO  Log:16 - *************
2023-04-25 11:27:43 INFO  Log:17 - *************
2023-04-25 11:27:43 INFO  Log:18 - *******test case has been begun*******
2023-04-25 11:27:43 INFO  Log:26 - test case is executing now
2023-04-25 11:27:43 INFO  Log:30 - the test case has an error
2023-04-25 11:27:46 INFO  Log:26 - the test case is about to be completed
2023-04-25 11:27:46 INFO  Log:21 - ####################
2023-04-25 11:27:46 INFO  Log:22 - ####################
2023-04-25 11:27:46 INFO  Log:23 - ##########the test case has finished#########
2023-04-25 11:29:51 INFO  Log:16 - *************
2023-04-25 11:29:51 INFO  Log:17 - *************
2023-04-25 11:29:51 INFO  Log:18 - *******test case has been begun*******
2023-04-25 11:29:51 INFO  Log:26 - test case is executing now
2023-04-25 11:29:51 INFO  Log:30 - the test case has an error
2023-04-25 11:29:54 INFO  Log:26 - the test case is about to be completed
2023-04-25 11:29:54 INFO  Log:21 - ####################
2023-04-25 11:29:54 INFO  Log:22 - ####################
2023-04-25 11:29:54 INFO  Log:23 - ##########the test case has finished#########
2023-04-25 11:38:38 INFO  Log:16 - *************
2023-04-25 11:38:38 INFO  Log:17 - *************
2023-04-25 11:38:38 INFO  Log:18 - *******test case has been begun*******
2023-04-25 11:38:38 INFO  Log:26 - test case is executing now
2023-04-25 11:38:38 INFO  Log:30 - the test case has an error
2023-04-25 11:38:42 INFO  Log:26 - the test case is about to be completed
2023-04-25 11:38:42 INFO  Log:21 - ####################
2023-04-25 11:38:42 INFO  Log:22 - ####################
2023-04-25 11:38:42 INFO  Log:23 - ##########the test case has finished#########
2023-04-25 11:39:58 INFO  Log:16 - *************
2023-04-25 11:39:58 INFO  Log:17 - *************
2023-04-25 11:39:58 INFO  Log:18 - *******test case has been begun*******
2023-04-25 11:39:58 INFO  Log:26 - test case is executing now
2023-04-25 11:39:58 INFO  Log:30 - the test case has an error
2023-04-25 11:40:02 INFO  Log:26 - the test case is about to be completed
2023-04-25 11:40:02 INFO  Log:21 - ####################
2023-04-25 11:40:02 INFO  Log:22 - ####################
2023-04-25 11:40:02 INFO  Log:23 - ##########the test case has finished#########
2023-04-25 11:40:53 INFO  Log:16 - *************
2023-04-25 11:40:53 INFO  Log:17 - *************
2023-04-25 11:40:53 INFO  Log:18 - *******test case has been begun*******
2023-04-25 11:40:53 INFO  Log:26 - test case is executing now
2023-04-25 11:40:53 INFO  Log:30 - the test case has an error
2023-04-25 11:40:56 INFO  Log:26 - the test case is about to be completed
2023-04-25 11:40:56 INFO  Log:21 - ####################
2023-04-25 11:40:56 INFO  Log:22 - ####################
2023-04-25 11:40:56 INFO  Log:23 - ##########the test case has finished#########
2023-04-25 12:08:04 INFO  Log:16 - *************
2023-04-25 12:08:04 INFO  Log:17 - *************
2023-04-25 12:08:04 INFO  Log:18 - *******test case has been begun*******
2023-04-25 12:08:04 INFO  Log:26 - test case is executing now
2023-04-25 12:08:04 INFO  Log:30 - the test case has an error
2023-04-25 12:08:06 INFO  Log:26 - the test case is about to be completed
2023-04-25 12:08:06 INFO  Log:21 - ####################
2023-04-25 12:08:06 INFO  Log:22 - ####################
2023-04-25 12:08:06 INFO  Log:23 - ##########the test case has finished#########
2023-04-25 12:08:48 INFO  Log:16 - *************
2023-04-25 12:08:48 INFO  Log:17 - *************
2023-04-25 12:08:48 INFO  Log:18 - *******test case has been begun*******
2023-04-25 12:08:48 INFO  Log:26 - test case is executing now
2023-04-25 12:08:48 INFO  Log:30 - the test case has an error
2023-04-25 12:08:50 INFO  Log:26 - the test case is about to be completed
2023-04-25 12:08:50 INFO  Log:21 - ####################
2023-04-25 12:08:50 INFO  Log:22 - ####################
2023-04-25 12:08:50 INFO  Log:23 - ##########the test case has finished#########
2023-04-25 12:10:42 INFO  Log:16 - *************
2023-04-25 12:10:42 INFO  Log:17 - *************
2023-04-25 12:10:42 INFO  Log:18 - *******test case has been begun*******
2023-04-25 12:10:42 INFO  Log:26 - test case is executing now
2023-04-25 12:10:42 INFO  Log:30 - the test case has an error
2023-04-25 12:10:52 INFO  Log:26 - the test case is about to be completed
2023-04-25 12:10:52 INFO  Log:21 - ####################
2023-04-25 12:10:52 INFO  Log:22 - ####################
2023-04-25 12:10:52 INFO  Log:23 - ##########the test case has finished#########
2023-04-25 12:16:23 INFO  Log:16 - *************
2023-04-25 12:16:23 INFO  Log:17 - *************
2023-04-25 12:16:23 INFO  Log:18 - *******test case has been begun*******
2023-04-25 12:16:23 INFO  Log:26 - test case is executing now
2023-04-25 12:16:23 INFO  Log:30 - the test case has an error
2023-04-25 12:16:33 INFO  Log:26 - the test case is about to be completed
2023-04-25 12:16:33 INFO  Log:21 - ####################
2023-04-25 12:16:33 INFO  Log:22 - ####################
2023-04-25 12:16:33 INFO  Log:23 - ##########the test case has finished#########
